running egg_info
creating ../../build/monthlery/monthlery.egg-info
writing ../../build/monthlery/monthlery.egg-info/PKG-INFO
writing dependency_links to ../../build/monthlery/monthlery.egg-info/dependency_links.txt
writing entry points to ../../build/monthlery/monthlery.egg-info/entry_points.txt
writing requirements to ../../build/monthlery/monthlery.egg-info/requires.txt
writing top-level names to ../../build/monthlery/monthlery.egg-info/top_level.txt
writing manifest file '../../build/monthlery/monthlery.egg-info/SOURCES.txt'
reading manifest file '../../build/monthlery/monthlery.egg-info/SOURCES.txt'
writing manifest file '../../build/monthlery/monthlery.egg-info/SOURCES.txt'
running build
running build_py
creating /home/vasa/Documents/INTech/Covaps_ws/build/monthlery/build
creating /home/vasa/Documents/INTech/Covaps_ws/build/monthlery/build/lib
creating /home/vasa/Documents/INTech/Covaps_ws/build/monthlery/build/lib/monthlery
copying monthlery/teleop.py -> /home/vasa/Documents/INTech/Covaps_ws/build/monthlery/build/lib/monthlery
copying monthlery/__init__.py -> /home/vasa/Documents/INTech/Covaps_ws/build/monthlery/build/lib/monthlery
copying monthlery/com.py -> /home/vasa/Documents/INTech/Covaps_ws/build/monthlery/build/lib/monthlery
running install
running install_lib
creating /home/vasa/Documents/INTech/Covaps_ws/install/monthlery/lib/python3.10/site-packages/monthlery
copying /home/vasa/Documents/INTech/Covaps_ws/build/monthlery/build/lib/monthlery/teleop.py -> /home/vasa/Documents/INTech/Covaps_ws/install/monthlery/lib/python3.10/site-packages/monthlery
copying /home/vasa/Documents/INTech/Covaps_ws/build/monthlery/build/lib/monthlery/__init__.py -> /home/vasa/Documents/INTech/Covaps_ws/install/monthlery/lib/python3.10/site-packages/monthlery
copying /home/vasa/Documents/INTech/Covaps_ws/build/monthlery/build/lib/monthlery/com.py -> /home/vasa/Documents/INTech/Covaps_ws/install/monthlery/lib/python3.10/site-packages/monthlery
byte-compiling /home/vasa/Documents/INTech/Covaps_ws/install/monthlery/lib/python3.10/site-packages/monthlery/teleop.py to teleop.cpython-310.pyc
byte-compiling /home/vasa/Documents/INTech/Covaps_ws/install/monthlery/lib/python3.10/site-packages/monthlery/__init__.py to __init__.cpython-310.pyc
byte-compiling /home/vasa/Documents/INTech/Covaps_ws/install/monthlery/lib/python3.10/site-packages/monthlery/com.py to com.cpython-310.pyc
running install_data
creating /home/vasa/Documents/INTech/Covaps_ws/install/monthlery/share/ament_index
creating /home/vasa/Documents/INTech/Covaps_ws/install/monthlery/share/ament_index/resource_index
creating /home/vasa/Documents/INTech/Covaps_ws/install/monthlery/share/ament_index/resource_index/packages
copying resource/monthlery -> /home/vasa/Documents/INTech/Covaps_ws/install/monthlery/share/ament_index/resource_index/packages
copying package.xml -> /home/vasa/Documents/INTech/Covaps_ws/install/monthlery/share/monthlery
running install_egg_info
Copying ../../build/monthlery/monthlery.egg-info to /home/vasa/Documents/INTech/Covaps_ws/install/monthlery/lib/python3.10/site-packages/monthlery-0.0.0-py3.10.egg-info
running install_scripts
Installing com_node script to /home/vasa/Documents/INTech/Covaps_ws/install/monthlery/lib/monthlery
Installing teleop_node script to /home/vasa/Documents/INTech/Covaps_ws/install/monthlery/lib/monthlery
writing list of installed files to '/home/vasa/Documents/INTech/Covaps_ws/build/monthlery/install.log'
