[0.993s] Invoking command in '/home/vasa/Documents/INTech/Covaps_ws/src/monthlery': AMENT_PREFIX_PATH=/home/vasa/Documents/INTech/Covaps_ws/install/covaps:${AMENT_PREFIX_PATH} CMAKE_PREFIX_PATH=/home/vasa/Documents/INTech/Covaps_ws/install/covaps:${CMAKE_PREFIX_PATH} LD_LIBRARY_PATH=/home/vasa/Documents/INTech/Covaps_ws/install/covaps/lib:${LD_LIBRARY_PATH} PYTHONPATH=/home/vasa/Documents/INTech/Covaps_ws/build/monthlery/prefix_override:/home/vasa/Documents/INTech/Covaps_ws/install/monthlery/lib/python3.10/site-packages:/home/vasa/Documents/INTech/Covaps_ws/install/covaps/local/lib/python3.10/dist-packages:${PYTHONPATH} /usr/bin/python3 setup.py egg_info --egg-base ../../build/monthlery build --build-base /home/vasa/Documents/INTech/Covaps_ws/build/monthlery/build install --record /home/vasa/Documents/INTech/Covaps_ws/build/monthlery/install.log --single-version-externally-managed
[1.342s] running egg_info
[1.342s] creating ../../build/monthlery/monthlery.egg-info
[1.343s] writing ../../build/monthlery/monthlery.egg-info/PKG-INFO
[1.343s] writing dependency_links to ../../build/monthlery/monthlery.egg-info/dependency_links.txt
[1.343s] writing entry points to ../../build/monthlery/monthlery.egg-info/entry_points.txt
[1.343s] writing requirements to ../../build/monthlery/monthlery.egg-info/requires.txt
[1.343s] writing top-level names to ../../build/monthlery/monthlery.egg-info/top_level.txt
[1.343s] writing manifest file '../../build/monthlery/monthlery.egg-info/SOURCES.txt'
[1.346s] reading manifest file '../../build/monthlery/monthlery.egg-info/SOURCES.txt'
[1.346s] writing manifest file '../../build/monthlery/monthlery.egg-info/SOURCES.txt'
[1.346s] running build
[1.346s] running build_py
[1.347s] creating /home/vasa/Documents/INTech/Covaps_ws/build/monthlery/build
[1.347s] creating /home/vasa/Documents/INTech/Covaps_ws/build/monthlery/build/lib
[1.347s] creating /home/vasa/Documents/INTech/Covaps_ws/build/monthlery/build/lib/monthlery
[1.347s] copying monthlery/teleop.py -> /home/vasa/Documents/INTech/Covaps_ws/build/monthlery/build/lib/monthlery
[1.347s] copying monthlery/__init__.py -> /home/vasa/Documents/INTech/Covaps_ws/build/monthlery/build/lib/monthlery
[1.347s] copying monthlery/com.py -> /home/vasa/Documents/INTech/Covaps_ws/build/monthlery/build/lib/monthlery
[1.348s] running install
[1.348s] running install_lib
[1.348s] creating /home/vasa/Documents/INTech/Covaps_ws/install/monthlery/lib/python3.10/site-packages/monthlery
[1.348s] copying /home/vasa/Documents/INTech/Covaps_ws/build/monthlery/build/lib/monthlery/teleop.py -> /home/vasa/Documents/INTech/Covaps_ws/install/monthlery/lib/python3.10/site-packages/monthlery
[1.348s] copying /home/vasa/Documents/INTech/Covaps_ws/build/monthlery/build/lib/monthlery/__init__.py -> /home/vasa/Documents/INTech/Covaps_ws/install/monthlery/lib/python3.10/site-packages/monthlery
[1.349s] copying /home/vasa/Documents/INTech/Covaps_ws/build/monthlery/build/lib/monthlery/com.py -> /home/vasa/Documents/INTech/Covaps_ws/install/monthlery/lib/python3.10/site-packages/monthlery
[1.349s] byte-compiling /home/vasa/Documents/INTech/Covaps_ws/install/monthlery/lib/python3.10/site-packages/monthlery/teleop.py to teleop.cpython-310.pyc
[1.350s] byte-compiling /home/vasa/Documents/INTech/Covaps_ws/install/monthlery/lib/python3.10/site-packages/monthlery/__init__.py to __init__.cpython-310.pyc
[1.351s] byte-compiling /home/vasa/Documents/INTech/Covaps_ws/install/monthlery/lib/python3.10/site-packages/monthlery/com.py to com.cpython-310.pyc
[1.351s] running install_data
[1.352s] creating /home/vasa/Documents/INTech/Covaps_ws/install/monthlery/share/ament_index
[1.352s] creating /home/vasa/Documents/INTech/Covaps_ws/install/monthlery/share/ament_index/resource_index
[1.352s] creating /home/vasa/Documents/INTech/Covaps_ws/install/monthlery/share/ament_index/resource_index/packages
[1.352s] copying resource/monthlery -> /home/vasa/Documents/INTech/Covaps_ws/install/monthlery/share/ament_index/resource_index/packages
[1.352s] copying package.xml -> /home/vasa/Documents/INTech/Covaps_ws/install/monthlery/share/monthlery
[1.353s] running install_egg_info
[1.354s] Copying ../../build/monthlery/monthlery.egg-info to /home/vasa/Documents/INTech/Covaps_ws/install/monthlery/lib/python3.10/site-packages/monthlery-0.0.0-py3.10.egg-info
[1.355s] running install_scripts
[1.379s] Installing com_node script to /home/vasa/Documents/INTech/Covaps_ws/install/monthlery/lib/monthlery
[1.379s] Installing teleop_node script to /home/vasa/Documents/INTech/Covaps_ws/install/monthlery/lib/monthlery
[1.379s] writing list of installed files to '/home/vasa/Documents/INTech/Covaps_ws/build/monthlery/install.log'
[1.414s] Invoked command in '/home/vasa/Documents/INTech/Covaps_ws/src/monthlery' returned '0': AMENT_PREFIX_PATH=/home/vasa/Documents/INTech/Covaps_ws/install/covaps:${AMENT_PREFIX_PATH} CMAKE_PREFIX_PATH=/home/vasa/Documents/INTech/Covaps_ws/install/covaps:${CMAKE_PREFIX_PATH} LD_LIBRARY_PATH=/home/vasa/Documents/INTech/Covaps_ws/install/covaps/lib:${LD_LIBRARY_PATH} PYTHONPATH=/home/vasa/Documents/INTech/Covaps_ws/build/monthlery/prefix_override:/home/vasa/Documents/INTech/Covaps_ws/install/monthlery/lib/python3.10/site-packages:/home/vasa/Documents/INTech/Covaps_ws/install/covaps/local/lib/python3.10/dist-packages:${PYTHONPATH} /usr/bin/python3 setup.py egg_info --egg-base ../../build/monthlery build --build-base /home/vasa/Documents/INTech/Covaps_ws/build/monthlery/build install --record /home/vasa/Documents/INTech/Covaps_ws/build/monthlery/install.log --single-version-externally-managed
