[0.032s] Invoking command in '/home/vasa/Documents/INTech/Covaps_ws/build/covaps': CMAKE_PREFIX_PATH=${CMAKE_PREFIX_PATH}:/home/vasa/Bureau/Workspace/ros2_ws/install/turtlebot3_teleop:/home/vasa/Bureau/Workspace/ros2_ws/install/turtlebot3_example:/home/vasa/Bureau/Workspace/ros2_ws/install/nav2_simple_commander:/home/vasa/Bureau/Workspace/ros2_ws/install/my_robot_test:/home/vasa/Bureau/Workspace/ros2_ws/install/monthlery:/opt/ros/humble /usr/bin/cmake /home/vasa/Documents/INTech/Covaps_ws/src/covaps -DCMAKE_INSTALL_PREFIX=/home/vasa/Documents/INTech/Covaps_ws/install/covaps
[0.266s] -- The C compiler identification is GNU 11.3.0
[0.408s] -- The CXX compiler identification is GNU 11.3.0
[0.421s] -- Detecting C compiler ABI info
[0.546s] -- Detecting C compiler ABI info - done
[0.555s] -- Check for working C compiler: /usr/bin/cc - skipped
[0.556s] -- Detecting C compile features
[0.557s] -- Detecting C compile features - done
[0.561s] -- Detecting CXX compiler ABI info
[0.691s] -- Detecting CXX compiler ABI info - done
[0.699s] -- Check for working CXX compiler: /usr/bin/c++ - skipped
[0.700s] -- Detecting CXX compile features
[0.701s] -- Detecting CXX compile features - done
[0.720s] -- Found ament_cmake: 1.3.3 (/opt/ros/humble/share/ament_cmake/cmake)
[1.007s] -- Found Python3: /usr/bin/python3.10 (found version "3.10.6") found components: Interpreter 
[1.212s] -- Found rosidl_default_generators: 1.2.0 (/opt/ros/humble/share/rosidl_default_generators/cmake)
[1.239s] -- Using all available rosidl_typesupport_c: rosidl_typesupport_fastrtps_c;rosidl_typesupport_introspection_c
[1.267s] -- Found rosidl_adapter: 3.1.4 (/opt/ros/humble/share/rosidl_adapter/cmake)
[1.386s] -- Using all available rosidl_typesupport_cpp: rosidl_typesupport_fastrtps_cpp;rosidl_typesupport_introspection_cpp
[1.800s] -- Found ament_cmake_ros: 0.10.0 (/opt/ros/humble/share/ament_cmake_ros/cmake)
[2.076s] -- Using all available rosidl_typesupport_c: rosidl_typesupport_fastrtps_c;rosidl_typesupport_introspection_c
[2.410s] -- Using all available rosidl_typesupport_cpp: rosidl_typesupport_fastrtps_cpp;rosidl_typesupport_introspection_cpp
[2.450s] -- Found PythonInterp: /usr/bin/python3 (found suitable version "3.10.6", minimum required is "3.6") 
[2.458s] -- Found python_cmake_module: 0.10.0 (/opt/ros/humble/share/python_cmake_module/cmake)
[2.515s] -- Found PythonLibs: /usr/lib/x86_64-linux-gnu/libpython3.10.so (found suitable version "3.10.6", minimum required is "3.5") 
[2.515s] -- Using PYTHON_EXECUTABLE: /usr/bin/python3
[2.515s] -- Using PYTHON_INCLUDE_DIRS: /usr/include/python3.10
[2.515s] -- Using PYTHON_LIBRARIES: /usr/lib/x86_64-linux-gnu/libpython3.10.so
[2.553s] -- Found PythonExtra: .so  
[2.637s] -- Found ament_lint_auto: 0.12.5 (/opt/ros/humble/share/ament_lint_auto/cmake)
[2.709s] -- Added test 'lint_cmake' to check CMake code style
[2.714s] -- Added test 'xmllint' to check XML markup files
[2.719s] -- Configuring done
[2.749s] -- Generating done
[2.752s] -- Build files have been written to: /home/vasa/Documents/INTech/Covaps_ws/build/covaps
[2.759s] Invoked command in '/home/vasa/Documents/INTech/Covaps_ws/build/covaps' returned '0': CMAKE_PREFIX_PATH=${CMAKE_PREFIX_PATH}:/home/vasa/Bureau/Workspace/ros2_ws/install/turtlebot3_teleop:/home/vasa/Bureau/Workspace/ros2_ws/install/turtlebot3_example:/home/vasa/Bureau/Workspace/ros2_ws/install/nav2_simple_commander:/home/vasa/Bureau/Workspace/ros2_ws/install/my_robot_test:/home/vasa/Bureau/Workspace/ros2_ws/install/monthlery:/opt/ros/humble /usr/bin/cmake /home/vasa/Documents/INTech/Covaps_ws/src/covaps -DCMAKE_INSTALL_PREFIX=/home/vasa/Documents/INTech/Covaps_ws/install/covaps
[2.761s] Invoking command in '/home/vasa/Documents/INTech/Covaps_ws/build/covaps': CMAKE_PREFIX_PATH=${CMAKE_PREFIX_PATH}:/home/vasa/Bureau/Workspace/ros2_ws/install/turtlebot3_teleop:/home/vasa/Bureau/Workspace/ros2_ws/install/turtlebot3_example:/home/vasa/Bureau/Workspace/ros2_ws/install/nav2_simple_commander:/home/vasa/Bureau/Workspace/ros2_ws/install/my_robot_test:/home/vasa/Bureau/Workspace/ros2_ws/install/monthlery:/opt/ros/humble /usr/bin/cmake --build /home/vasa/Documents/INTech/Covaps_ws/build/covaps -- -j8 -l8
[2.833s] [  3%] [34m[1mGenerating C code for ROS interfaces[0m
[2.856s] [  6%] [34m[1mGenerating C++ code for ROS interfaces[0m
[2.870s] [  6%] Built target ament_cmake_python_copy_covaps
[3.267s] [  9%] [32mBuilding C object CMakeFiles/covaps__rosidl_generator_c.dir/rosidl_generator_c/covaps/msg/detail/order__functions.c.o[0m
[3.267s] [  9%] Built target covaps__cpp
[3.290s] [ 12%] [34m[1mGenerating C++ introspection for ROS interfaces[0m
[3.295s] [ 16%] [34m[1mGenerating C++ type support dispatch for ROS interfaces[0m
[3.296s] [ 19%] [34m[1mGenerating C++ type support for eProsima Fast-RTPS[0m
[3.367s] running egg_info
[3.367s] creating covaps.egg-info
[3.368s] writing covaps.egg-info/PKG-INFO
[3.368s] writing dependency_links to covaps.egg-info/dependency_links.txt
[3.368s] writing top-level names to covaps.egg-info/top_level.txt
[3.369s] writing manifest file 'covaps.egg-info/SOURCES.txt'
[3.373s] reading manifest file 'covaps.egg-info/SOURCES.txt'
[3.374s] writing manifest file 'covaps.egg-info/SOURCES.txt'
[3.428s] [ 19%] Built target ament_cmake_python_build_covaps_egg
[3.429s] [ 22%] [32m[1mLinking C shared library libcovaps__rosidl_generator_c.so[0m
[3.498s] [ 22%] Built target covaps__rosidl_generator_c
[3.526s] [ 25%] [34m[1mGenerating C type support for eProsima Fast-RTPS[0m
[3.529s] [ 29%] [34m[1mGenerating C introspection for ROS interfaces[0m
[3.530s] [ 32%] [34m[1mGenerating C type support dispatch for ROS interfaces[0m
[3.764s] [ 35%] [32mBuilding CXX object CMakeFiles/covaps__rosidl_typesupport_fastrtps_cpp.dir/rosidl_typesupport_fastrtps_cpp/covaps/msg/detail/dds_fastrtps/order__type_support.cpp.o[0m
[3.789s] [ 38%] [32mBuilding CXX object CMakeFiles/covaps__rosidl_typesupport_introspection_cpp.dir/rosidl_typesupport_introspection_cpp/covaps/msg/detail/order__type_support.cpp.o[0m
[3.795s] [ 41%] [32mBuilding CXX object CMakeFiles/covaps__rosidl_typesupport_cpp.dir/rosidl_typesupport_cpp/covaps/msg/order__type_support.cpp.o[0m
[4.033s] [ 45%] [32mBuilding CXX object CMakeFiles/covaps__rosidl_typesupport_fastrtps_c.dir/rosidl_typesupport_fastrtps_c/covaps/msg/detail/order__type_support_c.cpp.o[0m
[4.061s] [ 48%] [32mBuilding C object CMakeFiles/covaps__rosidl_typesupport_introspection_c.dir/rosidl_typesupport_introspection_c/covaps/msg/detail/order__type_support.c.o[0m
[4.086s] [ 51%] [32mBuilding CXX object CMakeFiles/covaps__rosidl_typesupport_c.dir/rosidl_typesupport_c/covaps/msg/order__type_support.cpp.o[0m
[4.164s] [ 54%] [32m[1mLinking C shared library libcovaps__rosidl_typesupport_introspection_c.so[0m
[4.176s] [ 58%] [32m[1mLinking CXX shared library libcovaps__rosidl_typesupport_c.so[0m
[4.257s] [ 58%] Built target covaps__rosidl_typesupport_introspection_c
[4.297s] [ 58%] Built target covaps__rosidl_typesupport_c
[4.304s] [ 61%] [32m[1mLinking CXX shared library libcovaps__rosidl_typesupport_cpp.so[0m
[4.375s] [ 61%] Built target covaps__rosidl_typesupport_cpp
[4.510s] [ 64%] [32m[1mLinking CXX shared library libcovaps__rosidl_typesupport_introspection_cpp.so[0m
[4.591s] [ 67%] [32m[1mLinking CXX shared library libcovaps__rosidl_typesupport_fastrtps_cpp.so[0m
[4.615s] [ 67%] Built target covaps__rosidl_typesupport_introspection_cpp
[4.647s] [ 70%] [32m[1mLinking CXX shared library libcovaps__rosidl_typesupport_fastrtps_c.so[0m
[4.715s] [ 70%] Built target covaps__rosidl_typesupport_fastrtps_cpp
[4.765s] [ 70%] Built target covaps__rosidl_typesupport_fastrtps_c
[4.803s] [ 70%] Built target covaps
[4.848s] [ 74%] [34m[1mGenerating Python code for ROS interfaces[0m
[5.219s] [ 74%] Built target covaps__py
[5.260s] [ 77%] [32mBuilding C object CMakeFiles/covaps__rosidl_generator_py.dir/rosidl_generator_py/covaps/msg/_order_s.c.o[0m
[5.425s] [ 80%] [32m[1mLinking C shared library rosidl_generator_py/covaps/libcovaps__rosidl_generator_py.so[0m
[5.494s] [ 80%] Built target covaps__rosidl_generator_py
[5.534s] [ 90%] [32mBuilding C object CMakeFiles/covaps__rosidl_typesupport_introspection_c__pyext.dir/rosidl_generator_py/covaps/_covaps_s.ep.rosidl_typesupport_introspection_c.c.o[0m
[5.534s] [ 90%] [32mBuilding C object CMakeFiles/covaps__rosidl_typesupport_fastrtps_c__pyext.dir/rosidl_generator_py/covaps/_covaps_s.ep.rosidl_typesupport_fastrtps_c.c.o[0m
[5.534s] [ 90%] [32mBuilding C object CMakeFiles/covaps__rosidl_typesupport_c__pyext.dir/rosidl_generator_py/covaps/_covaps_s.ep.rosidl_typesupport_c.c.o[0m
[5.677s] [100%] [32m[1mLinking C shared library rosidl_generator_py/covaps/covaps_s__rosidl_typesupport_fastrtps_c.cpython-310-x86_64-linux-gnu.so[0m
[5.677s] [100%] [32m[1mLinking C shared library rosidl_generator_py/covaps/covaps_s__rosidl_typesupport_c.cpython-310-x86_64-linux-gnu.so[0m
[5.677s] [100%] [32m[1mLinking C shared library rosidl_generator_py/covaps/covaps_s__rosidl_typesupport_introspection_c.cpython-310-x86_64-linux-gnu.so[0m
[5.735s] [100%] Built target covaps__rosidl_typesupport_c__pyext
[5.735s] [100%] Built target covaps__rosidl_typesupport_introspection_c__pyext
[5.735s] [100%] Built target covaps__rosidl_typesupport_fastrtps_c__pyext
[5.754s] Invoked command in '/home/vasa/Documents/INTech/Covaps_ws/build/covaps' returned '0': CMAKE_PREFIX_PATH=${CMAKE_PREFIX_PATH}:/home/vasa/Bureau/Workspace/ros2_ws/install/turtlebot3_teleop:/home/vasa/Bureau/Workspace/ros2_ws/install/turtlebot3_example:/home/vasa/Bureau/Workspace/ros2_ws/install/nav2_simple_commander:/home/vasa/Bureau/Workspace/ros2_ws/install/my_robot_test:/home/vasa/Bureau/Workspace/ros2_ws/install/monthlery:/opt/ros/humble /usr/bin/cmake --build /home/vasa/Documents/INTech/Covaps_ws/build/covaps -- -j8 -l8
[5.975s] Invoking command in '/home/vasa/Documents/INTech/Covaps_ws/build/covaps': CMAKE_PREFIX_PATH=${CMAKE_PREFIX_PATH}:/home/vasa/Bureau/Workspace/ros2_ws/install/turtlebot3_teleop:/home/vasa/Bureau/Workspace/ros2_ws/install/turtlebot3_example:/home/vasa/Bureau/Workspace/ros2_ws/install/nav2_simple_commander:/home/vasa/Bureau/Workspace/ros2_ws/install/my_robot_test:/home/vasa/Bureau/Workspace/ros2_ws/install/monthlery:/opt/ros/humble /usr/bin/cmake --install /home/vasa/Documents/INTech/Covaps_ws/build/covaps
[5.999s] -- Install configuration: ""
[6.000s] -- Installing: /home/vasa/Documents/INTech/Covaps_ws/install/covaps/share/ament_index/resource_index/rosidl_interfaces/covaps
[6.000s] -- Installing: /home/vasa/Documents/INTech/Covaps_ws/install/covaps/include/covaps/covaps
[6.000s] -- Installing: /home/vasa/Documents/INTech/Covaps_ws/install/covaps/include/covaps/covaps/msg
[6.000s] -- Installing: /home/vasa/Documents/INTech/Covaps_ws/install/covaps/include/covaps/covaps/msg/rosidl_generator_c__visibility_control.h
[6.000s] -- Installing: /home/vasa/Documents/INTech/Covaps_ws/install/covaps/include/covaps/covaps/msg/detail
[6.001s] -- Installing: /home/vasa/Documents/INTech/Covaps_ws/install/covaps/include/covaps/covaps/msg/detail/order__functions.c
[6.001s] -- Installing: /home/vasa/Documents/INTech/Covaps_ws/install/covaps/include/covaps/covaps/msg/detail/order__type_support.h
[6.001s] -- Installing: /home/vasa/Documents/INTech/Covaps_ws/install/covaps/include/covaps/covaps/msg/detail/order__struct.h
[6.001s] -- Installing: /home/vasa/Documents/INTech/Covaps_ws/install/covaps/include/covaps/covaps/msg/detail/order__functions.h
[6.001s] -- Installing: /home/vasa/Documents/INTech/Covaps_ws/install/covaps/include/covaps/covaps/msg/order.h
[6.001s] -- Installing: /home/vasa/Documents/INTech/Covaps_ws/install/covaps/share/covaps/environment/library_path.sh
[6.002s] -- Installing: /home/vasa/Documents/INTech/Covaps_ws/install/covaps/share/covaps/environment/library_path.dsv
[6.002s] -- Installing: /home/vasa/Documents/INTech/Covaps_ws/install/covaps/lib/libcovaps__rosidl_generator_c.so
[6.003s] -- Set runtime path of "/home/vasa/Documents/INTech/Covaps_ws/install/covaps/lib/libcovaps__rosidl_generator_c.so" to ""
[6.003s] -- Up-to-date: /home/vasa/Documents/INTech/Covaps_ws/install/covaps/include/covaps/covaps
[6.003s] -- Up-to-date: /home/vasa/Documents/INTech/Covaps_ws/install/covaps/include/covaps/covaps/msg
[6.003s] -- Up-to-date: /home/vasa/Documents/INTech/Covaps_ws/install/covaps/include/covaps/covaps/msg/detail
[6.003s] -- Installing: /home/vasa/Documents/INTech/Covaps_ws/install/covaps/include/covaps/covaps/msg/detail/order__rosidl_typesupport_fastrtps_c.h
[6.003s] -- Installing: /home/vasa/Documents/INTech/Covaps_ws/install/covaps/include/covaps/covaps/msg/rosidl_typesupport_fastrtps_c__visibility_control.h
[6.003s] -- Installing: /home/vasa/Documents/INTech/Covaps_ws/install/covaps/lib/libcovaps__rosidl_typesupport_fastrtps_c.so
[6.004s] -- Set runtime path of "/home/vasa/Documents/INTech/Covaps_ws/install/covaps/lib/libcovaps__rosidl_typesupport_fastrtps_c.so" to ""
[6.004s] -- Up-to-date: /home/vasa/Documents/INTech/Covaps_ws/install/covaps/include/covaps/covaps
[6.004s] -- Up-to-date: /home/vasa/Documents/INTech/Covaps_ws/install/covaps/include/covaps/covaps/msg
[6.004s] -- Up-to-date: /home/vasa/Documents/INTech/Covaps_ws/install/covaps/include/covaps/covaps/msg/detail
[6.004s] -- Installing: /home/vasa/Documents/INTech/Covaps_ws/install/covaps/include/covaps/covaps/msg/detail/order__type_support.c
[6.004s] -- Installing: /home/vasa/Documents/INTech/Covaps_ws/install/covaps/include/covaps/covaps/msg/detail/order__rosidl_typesupport_introspection_c.h
[6.005s] -- Installing: /home/vasa/Documents/INTech/Covaps_ws/install/covaps/include/covaps/covaps/msg/rosidl_typesupport_introspection_c__visibility_control.h
[6.005s] -- Installing: /home/vasa/Documents/INTech/Covaps_ws/install/covaps/lib/libcovaps__rosidl_typesupport_introspection_c.so
[6.005s] -- Set runtime path of "/home/vasa/Documents/INTech/Covaps_ws/install/covaps/lib/libcovaps__rosidl_typesupport_introspection_c.so" to ""
[6.005s] -- Installing: /home/vasa/Documents/INTech/Covaps_ws/install/covaps/lib/libcovaps__rosidl_typesupport_c.so
[6.005s] -- Set runtime path of "/home/vasa/Documents/INTech/Covaps_ws/install/covaps/lib/libcovaps__rosidl_typesupport_c.so" to ""
[6.006s] -- Up-to-date: /home/vasa/Documents/INTech/Covaps_ws/install/covaps/include/covaps/covaps
[6.006s] -- Up-to-date: /home/vasa/Documents/INTech/Covaps_ws/install/covaps/include/covaps/covaps/msg
[6.006s] -- Up-to-date: /home/vasa/Documents/INTech/Covaps_ws/install/covaps/include/covaps/covaps/msg/detail
[6.006s] -- Installing: /home/vasa/Documents/INTech/Covaps_ws/install/covaps/include/covaps/covaps/msg/detail/order__struct.hpp
[6.006s] -- Installing: /home/vasa/Documents/INTech/Covaps_ws/install/covaps/include/covaps/covaps/msg/detail/order__traits.hpp
[6.006s] -- Installing: /home/vasa/Documents/INTech/Covaps_ws/install/covaps/include/covaps/covaps/msg/detail/order__builder.hpp
[6.006s] -- Installing: /home/vasa/Documents/INTech/Covaps_ws/install/covaps/include/covaps/covaps/msg/order.hpp
[6.006s] -- Up-to-date: /home/vasa/Documents/INTech/Covaps_ws/install/covaps/include/covaps/covaps
[6.006s] -- Up-to-date: /home/vasa/Documents/INTech/Covaps_ws/install/covaps/include/covaps/covaps/msg
[6.006s] -- Installing: /home/vasa/Documents/INTech/Covaps_ws/install/covaps/include/covaps/covaps/msg/rosidl_typesupport_fastrtps_cpp__visibility_control.h
[6.006s] -- Up-to-date: /home/vasa/Documents/INTech/Covaps_ws/install/covaps/include/covaps/covaps/msg/detail
[6.007s] -- Installing: /home/vasa/Documents/INTech/Covaps_ws/install/covaps/include/covaps/covaps/msg/detail/order__rosidl_typesupport_fastrtps_cpp.hpp
[6.007s] -- Installing: /home/vasa/Documents/INTech/Covaps_ws/install/covaps/include/covaps/covaps/msg/detail/dds_fastrtps
[6.007s] -- Installing: /home/vasa/Documents/INTech/Covaps_ws/install/covaps/lib/libcovaps__rosidl_typesupport_fastrtps_cpp.so
[6.007s] -- Set runtime path of "/home/vasa/Documents/INTech/Covaps_ws/install/covaps/lib/libcovaps__rosidl_typesupport_fastrtps_cpp.so" to ""
[6.007s] -- Up-to-date: /home/vasa/Documents/INTech/Covaps_ws/install/covaps/include/covaps/covaps
[6.007s] -- Up-to-date: /home/vasa/Documents/INTech/Covaps_ws/install/covaps/include/covaps/covaps/msg
[6.007s] -- Up-to-date: /home/vasa/Documents/INTech/Covaps_ws/install/covaps/include/covaps/covaps/msg/detail
[6.007s] -- Installing: /home/vasa/Documents/INTech/Covaps_ws/install/covaps/include/covaps/covaps/msg/detail/order__rosidl_typesupport_introspection_cpp.hpp
[6.007s] -- Installing: /home/vasa/Documents/INTech/Covaps_ws/install/covaps/include/covaps/covaps/msg/detail/order__type_support.cpp
[6.007s] -- Installing: /home/vasa/Documents/INTech/Covaps_ws/install/covaps/lib/libcovaps__rosidl_typesupport_introspection_cpp.so
[6.007s] -- Set runtime path of "/home/vasa/Documents/INTech/Covaps_ws/install/covaps/lib/libcovaps__rosidl_typesupport_introspection_cpp.so" to ""
[6.008s] -- Installing: /home/vasa/Documents/INTech/Covaps_ws/install/covaps/lib/libcovaps__rosidl_typesupport_cpp.so
[6.008s] -- Set runtime path of "/home/vasa/Documents/INTech/Covaps_ws/install/covaps/lib/libcovaps__rosidl_typesupport_cpp.so" to ""
[6.008s] -- Installing: /home/vasa/Documents/INTech/Covaps_ws/install/covaps/share/covaps/environment/pythonpath.sh
[6.008s] -- Installing: /home/vasa/Documents/INTech/Covaps_ws/install/covaps/share/covaps/environment/pythonpath.dsv
[6.008s] -- Installing: /home/vasa/Documents/INTech/Covaps_ws/install/covaps/local/lib/python3.10/dist-packages/covaps-0.0.0-py3.10.egg-info
[6.008s] -- Installing: /home/vasa/Documents/INTech/Covaps_ws/install/covaps/local/lib/python3.10/dist-packages/covaps-0.0.0-py3.10.egg-info/top_level.txt
[6.009s] -- Installing: /home/vasa/Documents/INTech/Covaps_ws/install/covaps/local/lib/python3.10/dist-packages/covaps-0.0.0-py3.10.egg-info/PKG-INFO
[6.009s] -- Installing: /home/vasa/Documents/INTech/Covaps_ws/install/covaps/local/lib/python3.10/dist-packages/covaps-0.0.0-py3.10.egg-info/SOURCES.txt
[6.009s] -- Installing: /home/vasa/Documents/INTech/Covaps_ws/install/covaps/local/lib/python3.10/dist-packages/covaps-0.0.0-py3.10.egg-info/dependency_links.txt
[6.009s] -- Installing: /home/vasa/Documents/INTech/Covaps_ws/install/covaps/local/lib/python3.10/dist-packages/covaps
[6.009s] -- Installing: /home/vasa/Documents/INTech/Covaps_ws/install/covaps/local/lib/python3.10/dist-packages/covaps/covaps_s__rosidl_typesupport_fastrtps_c.cpython-310-x86_64-linux-gnu.so
[6.009s] -- Installing: /home/vasa/Documents/INTech/Covaps_ws/install/covaps/local/lib/python3.10/dist-packages/covaps/_covaps_s.ep.rosidl_typesupport_introspection_c.c
[6.009s] -- Installing: /home/vasa/Documents/INTech/Covaps_ws/install/covaps/local/lib/python3.10/dist-packages/covaps/__init__.py
[6.009s] -- Installing: /home/vasa/Documents/INTech/Covaps_ws/install/covaps/local/lib/python3.10/dist-packages/covaps/_covaps_s.ep.rosidl_typesupport_c.c
[6.009s] -- Installing: /home/vasa/Documents/INTech/Covaps_ws/install/covaps/local/lib/python3.10/dist-packages/covaps/libcovaps__rosidl_generator_py.so
[6.010s] -- Installing: /home/vasa/Documents/INTech/Covaps_ws/install/covaps/local/lib/python3.10/dist-packages/covaps/msg
[6.010s] -- Installing: /home/vasa/Documents/INTech/Covaps_ws/install/covaps/local/lib/python3.10/dist-packages/covaps/msg/_order.py
[6.010s] -- Installing: /home/vasa/Documents/INTech/Covaps_ws/install/covaps/local/lib/python3.10/dist-packages/covaps/msg/_order_s.c
[6.010s] -- Installing: /home/vasa/Documents/INTech/Covaps_ws/install/covaps/local/lib/python3.10/dist-packages/covaps/msg/__init__.py
[6.010s] -- Installing: /home/vasa/Documents/INTech/Covaps_ws/install/covaps/local/lib/python3.10/dist-packages/covaps/covaps_s__rosidl_typesupport_c.cpython-310-x86_64-linux-gnu.so
[6.010s] -- Installing: /home/vasa/Documents/INTech/Covaps_ws/install/covaps/local/lib/python3.10/dist-packages/covaps/covaps_s__rosidl_typesupport_introspection_c.cpython-310-x86_64-linux-gnu.so
[6.010s] -- Installing: /home/vasa/Documents/INTech/Covaps_ws/install/covaps/local/lib/python3.10/dist-packages/covaps/_covaps_s.ep.rosidl_typesupport_fastrtps_c.c
[6.061s] Listing '/home/vasa/Documents/INTech/Covaps_ws/install/covaps/local/lib/python3.10/dist-packages/covaps'...
[6.061s] Compiling '/home/vasa/Documents/INTech/Covaps_ws/install/covaps/local/lib/python3.10/dist-packages/covaps/__init__.py'...
[6.061s] Listing '/home/vasa/Documents/INTech/Covaps_ws/install/covaps/local/lib/python3.10/dist-packages/covaps/msg'...
[6.061s] Compiling '/home/vasa/Documents/INTech/Covaps_ws/install/covaps/local/lib/python3.10/dist-packages/covaps/msg/__init__.py'...
[6.061s] Compiling '/home/vasa/Documents/INTech/Covaps_ws/install/covaps/local/lib/python3.10/dist-packages/covaps/msg/_order.py'...
[6.067s] -- Installing: /home/vasa/Documents/INTech/Covaps_ws/install/covaps/local/lib/python3.10/dist-packages/covaps/covaps_s__rosidl_typesupport_fastrtps_c.cpython-310-x86_64-linux-gnu.so
[6.067s] -- Set runtime path of "/home/vasa/Documents/INTech/Covaps_ws/install/covaps/local/lib/python3.10/dist-packages/covaps/covaps_s__rosidl_typesupport_fastrtps_c.cpython-310-x86_64-linux-gnu.so" to ""
[6.067s] -- Installing: /home/vasa/Documents/INTech/Covaps_ws/install/covaps/local/lib/python3.10/dist-packages/covaps/covaps_s__rosidl_typesupport_introspection_c.cpython-310-x86_64-linux-gnu.so
[6.068s] -- Set runtime path of "/home/vasa/Documents/INTech/Covaps_ws/install/covaps/local/lib/python3.10/dist-packages/covaps/covaps_s__rosidl_typesupport_introspection_c.cpython-310-x86_64-linux-gnu.so" to ""
[6.068s] -- Installing: /home/vasa/Documents/INTech/Covaps_ws/install/covaps/local/lib/python3.10/dist-packages/covaps/covaps_s__rosidl_typesupport_c.cpython-310-x86_64-linux-gnu.so
[6.068s] -- Set runtime path of "/home/vasa/Documents/INTech/Covaps_ws/install/covaps/local/lib/python3.10/dist-packages/covaps/covaps_s__rosidl_typesupport_c.cpython-310-x86_64-linux-gnu.so" to ""
[6.068s] -- Installing: /home/vasa/Documents/INTech/Covaps_ws/install/covaps/lib/libcovaps__rosidl_generator_py.so
[6.068s] -- Set runtime path of "/home/vasa/Documents/INTech/Covaps_ws/install/covaps/lib/libcovaps__rosidl_generator_py.so" to ""
[6.069s] -- Installing: /home/vasa/Documents/INTech/Covaps_ws/install/covaps/share/covaps/msg/Order.idl
[6.069s] -- Installing: /home/vasa/Documents/INTech/Covaps_ws/install/covaps/share/covaps/msg/Order.msg
[6.069s] -- Installing: /home/vasa/Documents/INTech/Covaps_ws/install/covaps/share/ament_index/resource_index/package_run_dependencies/covaps
[6.069s] -- Installing: /home/vasa/Documents/INTech/Covaps_ws/install/covaps/share/ament_index/resource_index/parent_prefix_path/covaps
[6.069s] -- Installing: /home/vasa/Documents/INTech/Covaps_ws/install/covaps/share/covaps/environment/ament_prefix_path.sh
[6.070s] -- Installing: /home/vasa/Documents/INTech/Covaps_ws/install/covaps/share/covaps/environment/ament_prefix_path.dsv
[6.070s] -- Installing: /home/vasa/Documents/INTech/Covaps_ws/install/covaps/share/covaps/environment/path.sh
[6.070s] -- Installing: /home/vasa/Documents/INTech/Covaps_ws/install/covaps/share/covaps/environment/path.dsv
[6.071s] -- Installing: /home/vasa/Documents/INTech/Covaps_ws/install/covaps/share/covaps/local_setup.bash
[6.071s] -- Installing: /home/vasa/Documents/INTech/Covaps_ws/install/covaps/share/covaps/local_setup.sh
[6.071s] -- Installing: /home/vasa/Documents/INTech/Covaps_ws/install/covaps/share/covaps/local_setup.zsh
[6.072s] -- Installing: /home/vasa/Documents/INTech/Covaps_ws/install/covaps/share/covaps/local_setup.dsv
[6.072s] -- Installing: /home/vasa/Documents/INTech/Covaps_ws/install/covaps/share/covaps/package.dsv
[6.072s] -- Installing: /home/vasa/Documents/INTech/Covaps_ws/install/covaps/share/ament_index/resource_index/packages/covaps
[6.072s] -- Installing: /home/vasa/Documents/INTech/Covaps_ws/install/covaps/share/covaps/cmake/export_covaps__rosidl_generator_cExport.cmake
[6.073s] -- Installing: /home/vasa/Documents/INTech/Covaps_ws/install/covaps/share/covaps/cmake/export_covaps__rosidl_generator_cExport-noconfig.cmake
[6.073s] -- Installing: /home/vasa/Documents/INTech/Covaps_ws/install/covaps/share/covaps/cmake/export_covaps__rosidl_typesupport_fastrtps_cExport.cmake
[6.073s] -- Installing: /home/vasa/Documents/INTech/Covaps_ws/install/covaps/share/covaps/cmake/export_covaps__rosidl_typesupport_fastrtps_cExport-noconfig.cmake
[6.073s] -- Installing: /home/vasa/Documents/INTech/Covaps_ws/install/covaps/share/covaps/cmake/covaps__rosidl_typesupport_introspection_cExport.cmake
[6.074s] -- Installing: /home/vasa/Documents/INTech/Covaps_ws/install/covaps/share/covaps/cmake/covaps__rosidl_typesupport_introspection_cExport-noconfig.cmake
[6.074s] -- Installing: /home/vasa/Documents/INTech/Covaps_ws/install/covaps/share/covaps/cmake/covaps__rosidl_typesupport_cExport.cmake
[6.074s] -- Installing: /home/vasa/Documents/INTech/Covaps_ws/install/covaps/share/covaps/cmake/covaps__rosidl_typesupport_cExport-noconfig.cmake
[6.074s] -- Installing: /home/vasa/Documents/INTech/Covaps_ws/install/covaps/share/covaps/cmake/export_covaps__rosidl_generator_cppExport.cmake
[6.075s] -- Installing: /home/vasa/Documents/INTech/Covaps_ws/install/covaps/share/covaps/cmake/export_covaps__rosidl_typesupport_fastrtps_cppExport.cmake
[6.075s] -- Installing: /home/vasa/Documents/INTech/Covaps_ws/install/covaps/share/covaps/cmake/export_covaps__rosidl_typesupport_fastrtps_cppExport-noconfig.cmake
[6.075s] -- Installing: /home/vasa/Documents/INTech/Covaps_ws/install/covaps/share/covaps/cmake/covaps__rosidl_typesupport_introspection_cppExport.cmake
[6.075s] -- Installing: /home/vasa/Documents/INTech/Covaps_ws/install/covaps/share/covaps/cmake/covaps__rosidl_typesupport_introspection_cppExport-noconfig.cmake
[6.076s] -- Installing: /home/vasa/Documents/INTech/Covaps_ws/install/covaps/share/covaps/cmake/covaps__rosidl_typesupport_cppExport.cmake
[6.076s] -- Installing: /home/vasa/Documents/INTech/Covaps_ws/install/covaps/share/covaps/cmake/covaps__rosidl_typesupport_cppExport-noconfig.cmake
[6.076s] -- Installing: /home/vasa/Documents/INTech/Covaps_ws/install/covaps/share/covaps/cmake/export_covaps__rosidl_generator_pyExport.cmake
[6.076s] -- Installing: /home/vasa/Documents/INTech/Covaps_ws/install/covaps/share/covaps/cmake/export_covaps__rosidl_generator_pyExport-noconfig.cmake
[6.077s] -- Installing: /home/vasa/Documents/INTech/Covaps_ws/install/covaps/share/covaps/cmake/rosidl_cmake-extras.cmake
[6.077s] -- Installing: /home/vasa/Documents/INTech/Covaps_ws/install/covaps/share/covaps/cmake/ament_cmake_export_include_directories-extras.cmake
[6.077s] -- Installing: /home/vasa/Documents/INTech/Covaps_ws/install/covaps/share/covaps/cmake/ament_cmake_export_libraries-extras.cmake
[6.077s] -- Installing: /home/vasa/Documents/INTech/Covaps_ws/install/covaps/share/covaps/cmake/ament_cmake_export_targets-extras.cmake
[6.078s] -- Installing: /home/vasa/Documents/INTech/Covaps_ws/install/covaps/share/covaps/cmake/rosidl_cmake_export_typesupport_targets-extras.cmake
[6.078s] -- Installing: /home/vasa/Documents/INTech/Covaps_ws/install/covaps/share/covaps/cmake/ament_cmake_export_dependencies-extras.cmake
[6.078s] -- Installing: /home/vasa/Documents/INTech/Covaps_ws/install/covaps/share/covaps/cmake/rosidl_cmake_export_typesupport_libraries-extras.cmake
[6.078s] -- Installing: /home/vasa/Documents/INTech/Covaps_ws/install/covaps/share/covaps/cmake/covapsConfig.cmake
[6.079s] -- Installing: /home/vasa/Documents/INTech/Covaps_ws/install/covaps/share/covaps/cmake/covapsConfig-version.cmake
[6.079s] -- Installing: /home/vasa/Documents/INTech/Covaps_ws/install/covaps/share/covaps/package.xml
[6.083s] Invoked command in '/home/vasa/Documents/INTech/Covaps_ws/build/covaps' returned '0': CMAKE_PREFIX_PATH=${CMAKE_PREFIX_PATH}:/home/vasa/Bureau/Workspace/ros2_ws/install/turtlebot3_teleop:/home/vasa/Bureau/Workspace/ros2_ws/install/turtlebot3_example:/home/vasa/Bureau/Workspace/ros2_ws/install/nav2_simple_commander:/home/vasa/Bureau/Workspace/ros2_ws/install/my_robot_test:/home/vasa/Bureau/Workspace/ros2_ws/install/monthlery:/opt/ros/humble /usr/bin/cmake --install /home/vasa/Documents/INTech/Covaps_ws/build/covaps
